<?xml version="1.0" encoding="UTF-8"?>
<testsuites name="project-sentinel-2026-08-23">
  <testsuite name="backend.pytest_gate" tests="3107" failures="0" errors="0" time="266.11"><system-out>PR_TEST_DB_NAME=sentinel_audit_* pytest -q -- 3107 passed</system-out></testsuite>
  <testsuite name="architecture" tests="4" failures="4" errors="0">
    <testcase classname="architecture" name="RES-000001: Django Admin registers business/workflow models (EmployeeStatus, SecondmentReque"><failure message="high">Django Admin registers business/workflow models (EmployeeStatus, SecondmentRequest, StatusChangeHistory, StatusDocument, EmployeeTransferHistory, Employee), bypassing service-layer invariants and the audit trail</failure></testcase>
    <testcase classname="architecture" name="RES-000021: entities/employee imports from features/, reversing FSD dependency direction"><failure message="low">entities/employee imports from features/, reversing FSD dependency direction</failure></testcase>
    <testcase classname="architecture" name="RES-000022: PLANNED-to-ACTIVE status transition depends solely on a Celery task that does no"><failure message="medium">PLANNED-to-ACTIVE status transition depends solely on a Celery task that does not run on the local stand, with no read-time reconciliation (unlike the parallel EXPIRED-status path, which does have one)</failure></testcase>
    <testcase classname="architecture" name="RES-000023: AuditMiddleware's id-extraction-from-JSON-response contract silently drops audit"><failure message="medium">AuditMiddleware's id-extraction-from-JSON-response contract silently drops audit logging for the operations bulk status-create endpoint (and any other action returning a list/summary body without a top-level 'id')</failure></testcase>
  </testsuite>
  <testsuite name="security" tests="7" failures="5" errors="0">
    <testcase classname="security" name="RES-000002: ReportViewSet.generate (POST /api/reports/generate/) and status/download actions"><failure message="high">ReportViewSet.generate (POST /api/reports/generate/) and status/download actions have no permission_classes and rely solely on the project-wide AllowAny default, letting unauthenticated requests reach report-generation business logic</failure></testcase>
    <testcase classname="security" name="RES-000003: EmployeeStatusViewSet (GET/POST/PATCH/DELETE /api/statuses/) applies no role or "><failure message="critical">EmployeeStatusViewSet (GET/POST/PATCH/DELETE /api/statuses/) applies no role or division filtering -- any authenticated user can list, create, extend, terminate, or cancel status records (leave, absence, secondment, etc.) for every employee in the organization</failure></testcase>
    <testcase classname="security" name="RES-000004: DivisionViewSet (/api/divisions/) allows full CRUD -- create/update/delete/resto"><failure message="high">DivisionViewSet (/api/divisions/) allows full CRUD -- create/update/delete/restore of organizational divisions -- to any authenticated user with no role or ownership check</failure></testcase>
    <testcase classname="security" name="RES-000005: core.EmployeeViewSet (GET /api/core/employees/) returns the entire company's per"><failure message="high">core.EmployeeViewSet (GET /api/core/employees/) returns the entire company's personnel table to any holder of the global 'personnel.view' permission, unlike sibling viewsets (documents.AttachmentViewSet, operations StatusViewSet/Secondment) which scope results to the caller's granted division subtree</failure></testcase>
    <testcase classname="security" name="RES-000006: staff_unit.PositionViewSet.get_permissions() has a dead if/else branch that reso"><failure message="low">staff_unit.PositionViewSet.get_permissions() has a dead if/else branch that resolves to plain IsAuthenticated for both safe and unsafe HTTP methods, so any authenticated user can create/update/delete Position dictionary entries despite RoleBasedPermission classes being imported for this exact purpose in the same file</failure></testcase>
    <testcase classname="security" name="RES-000007: OpsPersonnelViewSet.list (GET /api/ops/personnel/) returns the full active-emplo"><skipped message="proposed/medium"/></testcase>
    <testcase classname="security" name="RES-000056: NotificationViewSet has no explicit permission_classes; relies solely on get_que"><skipped message="proposed/low"/></testcase>
  </testsuite>
  <testsuite name="api" tests="24" failures="9" errors="0">
    <testcase classname="api" name="RES-000008: GET /api/statuses/planned/ schema declares single EmployeeStatusSerializer but r"><failure message="medium">GET /api/statuses/planned/ schema declares single EmployeeStatusSerializer but response is a {current, planned} wrapper object</failure></testcase>
    <testcase classname="api" name="RES-000009: GET /api/statuses/{id}/history/ schema declares responses={200: EmployeeStatusSe"><failure message="medium">GET /api/statuses/{id}/history/ schema declares responses={200: EmployeeStatusSerializer} (single object) but handler returns a many=True list</failure></testcase>
    <testcase classname="api" name="RES-000010: GET /api/notifications/unread/ has no @extend_schema at all for a many=True list"><failure message="low">GET /api/notifications/unread/ has no @extend_schema at all for a many=True list action</failure></testcase>
    <testcase classname="api" name="RES-000011: GET /api/secondments/incoming/ and /api/secondments/outgoing/ never call paginat"><failure message="medium">GET /api/secondments/incoming/ and /api/secondments/outgoing/ never call paginate_queryset — response is an unbounded, unpaginated list, and also has no @extend_schema</failure></testcase>
    <testcase classname="api" name="RES-000012: POST /api/employees/{id}/transfer/ takes division_id/position_id directly from r"><failure message="medium">POST /api/employees/{id}/transfer/ takes division_id/position_id directly from request.data with no serializer validation — non-numeric division_id raises unhandled ValueError (int(division_id)); non-existent division_id/position_id reaches employee.save() and can raise a raw IntegrityError instead of a clean 400</failure></testcase>
    <testcase classname="api" name="RES-000013: POST /api/employees/{id}/transfer/ writes EmployeeTransferHistory (and would app"><failure message="medium">POST /api/employees/{id}/transfer/ writes EmployeeTransferHistory (and would apply staffing counters) BEFORE the DIRECTORATE_HEAD/DIVISION_HEAD scope check; the scope check's 403 Response is returned from inside the same transaction.atomic() block, which commits normally on a plain return (no exception raised) — so a rejected/forbidden transfer still permanently persists a history row describing a transfer that never actually happened (employee.division was never reassigned, since employee.save() at line 163 is after the 403 return)</failure></testcase>
    <testcase classname="api" name="RES-000014: POST /api/employees/{id}/dismiss/ assigns request.data.get('dismissal_date') str"><failure message="low">POST /api/employees/{id}/dismiss/ assigns request.data.get('dismissal_date') straight to a model DateField with no serializer/format validation; a malformed value is not caught before employee.save() and can surface as a raw DB error instead of a 400</failure></testcase>
    <testcase classname="api" name="RES-000015: POST /api/divisions/{id}/move/ calls int(parent_id) on raw request.data with no "><failure message="medium">POST /api/divisions/{id}/move/ calls int(parent_id) on raw request.data with no prior type check — a non-numeric parent_id (e.g. a string) raises an unhandled ValueError and surfaces as a 500 instead of a 400</failure></testcase>
    <testcase classname="api" name="RES-000016: EmployeeViewSet.perform_create wraps the initial EmployeeStatus.objects.create()"><failure message="low">EmployeeViewSet.perform_create wraps the initial EmployeeStatus.objects.create() call in a bare `except Exception: pass`, silently discarding any error (validation failure, IntegrityError, etc.) during initial status assignment on employee creation with no logging or client-visible signal</failure></testcase>
    <testcase classname="api" name="RES-000038: EmployeeStatusViewSet.history: int(employee_id) unguarded, non-numeric value -&gt; "><skipped message="proposed/medium"/></testcase>
    <testcase classname="api" name="RES-000039: EmployeeStatusViewSet.planned: int(employee_id) unguarded, non-numeric value -&gt; "><skipped message="proposed/medium"/></testcase>
    <testcase classname="api" name="RES-000040: EmployeeStatusViewSet.division_headcount: int(division_id) unguarded -&gt; unhandle"><skipped message="proposed/medium"/></testcase>
    <testcase classname="api" name="RES-000041: get_division_headcount returns all-zero 200 for a non-existent division_id inste"><skipped message="proposed/low"/></testcase>
    <testcase classname="api" name="RES-000042: StatusDocumentViewSet documented in code but route commented out in urls.py"><skipped message="proposed/low"/></testcase>
    <testcase classname="api" name="RES-000043: Custom error envelope on statuses create/extend/terminate/cancel/upload_document"><skipped message="proposed/low"/></testcase>
    <testcase classname="api" name="RES-000044: apps/employees EmployeeViewSet (create/transfer/dismiss/history) is not wired in"><skipped message="proposed/medium"/></testcase>
    <testcase classname="api" name="RES-000045: employees.get_permissions comments claim role-restricted actions but every branc"><skipped message="proposed/medium"/></testcase>
    <testcase classname="api" name="RES-000046: employees.history action is a stub that always returns an empty list regardless "><skipped message="proposed/low"/></testcase>
    <testcase classname="api" name="RES-000047: ops security_events.approve_demand/update_recon: int(row.get('need',0)) crashes "><skipped message="proposed/high"/></testcase>
    <testcase classname="api" name="RES-000048: ops security_events.update_force_allocation: int(allocatedCount) unguarded -- LI"><skipped message="proposed/medium"/></testcase>
    <testcase classname="api" name="RES-000049: ops passport._validate_sectors_payload: .get() on non-dict list element raises A"><skipped message="proposed/medium"/></testcase>
    <testcase classname="api" name="RES-000050: ops security_events.assign_placement: retrying the same postId/employeeId assign"><skipped message="proposed/high"/></testcase>
    <testcase classname="api" name="RES-000051: ops SecurityEventViewSet.list page_size has no upper bound and fully materialize"><skipped message="proposed/medium"/></testcase>
    <testcase classname="api" name="RES-000052: apps/ops has zero @extend_schema annotations; hand-rolled envelope shapes invisi"><skipped message="proposed/low"/></testcase>
  </testsuite>
  <testsuite name="code_quality" tests="5" failures="2" errors="0">
    <testcase classname="code_quality" name="RES-000017: CI workflow runs only makemigrations --check; the 3107-test pytest suite and ruf"><failure message="medium">CI workflow runs only makemigrations --check; the 3107-test pytest suite and ruff lint never execute in CI</failure></testcase>
    <testcase classname="code_quality" name="RES-000053: complete_expired_statuses lacks the per-employee transaction isolation apply_pla"><skipped message="proposed/high"/></testcase>
    <testcase classname="code_quality" name="RES-000054: Celery status-lifecycle tasks catch all exceptions and return an unread {'succes"><skipped message="proposed/medium"/></testcase>
    <testcase classname="code_quality" name="RES-000055: Bare except: clauses swallow all exceptions around employee/staff_unit lookups i"><failure message="low">Bare except: clauses swallow all exceptions around employee/staff_unit lookups in JWT claims and admin display</failure></testcase>
    <testcase classname="code_quality" name="RES-000057: ruff check reports 1518 violations project-wide (397 auto-fixable); no committed"><skipped message="confirmed/info"/></testcase>
  </testsuite>
  <testsuite name="code-quality" tests="3" failures="2" errors="0">
    <testcase classname="code-quality" name="RES-000018: Legacy statuses app derives "today" from timezone.now().date() (UTC), not local "><failure message="high">Legacy statuses app derives "today" from timezone.now().date() (UTC), not local Asia/Almaty date — status state and day-boundary checks drift by one calendar day during ~00:00-05:00 local time</failure></testcase>
    <testcase classname="code-quality" name="RES-000019: Status-edit dialog discards the backend's specific validation/conflict message a"><failure message="medium">Status-edit dialog discards the backend's specific validation/conflict message and shows a fixed generic string, hiding why an edit was rejected</failure></testcase>
    <testcase classname="code-quality" name="RES-000020: personnelFields() normalizer accepts `emp: any` with no compile-time contract, d"><skipped message="proposed/low"/></testcase>
  </testsuite>
  <testsuite name="business-process" tests="2" failures="2" errors="0">
    <testcase classname="business-process" name="RES-000024: GVO registry "Mine" filter links events to the current user by exact FIO string "><failure message="medium">GVO registry "Mine" filter links events to the current user by exact FIO string match (`ownerName === user.name`) — the documented forbidden pattern is live, not merely absent</failure></testcase>
    <testcase classname="business-process" name="RES-000025: Four files hand-roll a local `formatMoment(iso)` timestamp formatter instead of "><failure message="low">Four files hand-roll a local `formatMoment(iso)` timestamp formatter instead of using the project's canonical `formatIsoDateTime` helper that the Aug-2026 date-formatting rollout introduced</failure></testcase>
  </testsuite>
  <testsuite name="accessibility" tests="3" failures="1" errors="0">
    <testcase classname="accessibility" name="RES-000026: User-submitted free text (comment body, feedback description/steps/contact) rend"><failure message="low">User-submitted free text (comment body, feedback description/steps/contact) renders in plain `&lt;p&gt;` tags with zero break-words/overflow-wrap handling anywhere in the security-ops feature/app tree</failure></testcase>
    <testcase classname="accessibility" name="RES-000027: DRIFT (fixed): C1 from the 2026-08-17 audit — Tailwind v4-only utility classes ("><skipped message="confirmed/info"/></testcase>
    <testcase classname="accessibility" name="RES-000028: DRIFT (fixed): 2026-08-17 audit's dead `styles/globals.css` (Tailwind v4, diverg"><skipped message="confirmed/info"/></testcase>
  </testsuite>
  <testsuite name="performance" tests="1" failures="0" errors="0">
    <testcase classname="performance" name="RES-000029: DRIFT (unchanged): `@tanstack/react-virtual` remains an installed, still-unused "><skipped message="confirmed/info"/></testcase>
  </testsuite>
  <testsuite name="a11y_i18n" tests="7" failures="0" errors="0">
    <testcase classname="a11y_i18n" name="RES-000030: Raw ISO date string (businessDate) interpolated directly into JSX, bypassing for"><skipped message="proposed/low"/></testcase>
    <testcase classname="a11y_i18n" name="RES-000031: Raw ISO date (verificationDueAt) interpolated into a user-facing sentence, bypas"><skipped message="proposed/low"/></testcase>
    <testcase classname="a11y_i18n" name="RES-000032: Raw ISO date (businessDate) interpolated into command-center 'upcoming events' l"><skipped message="proposed/low"/></testcase>
    <testcase classname="a11y_i18n" name="RES-000033: Raw ISO date (snapshot.businessDate) interpolated into analytics/operations summ"><skipped message="proposed/low"/></testcase>
    <testcase classname="a11y_i18n" name="RES-000034: Raw ISO date (snapshot.businessDate) interpolated into analytics page header"><skipped message="proposed/low"/></testcase>
    <testcase classname="a11y_i18n" name="RES-000035: Raw ISO date (row.businessDate) printed as a table cell without formatting"><skipped message="proposed/low"/></testcase>
    <testcase classname="a11y_i18n" name="RES-000036: Raw ISO date (businessDate) interpolated into clamped-series explanatory caption"><skipped message="proposed/low"/></testcase>
  </testsuite>
  <testsuite name="ui" tests="1" failures="0" errors="0">
    <testcase classname="ui" name="RES-000037: eslint remains uninstalled and next.config.js still sets eslint.ignoreDuringBuil"><skipped message="proposed/low"/></testcase>
  </testsuite>
</testsuites>